<?xml version="1.0" encoding="UTF-8"?>
<!-- Generated by org.testng.reporters.JUnitXMLReporter -->
<testsuite hostname="DESKTOP-SCRIOB2" ignored="0" name="Default test" tests="8" failures="0" timestamp="30 Nov 2019 10:16:01 GMT" time="190.207" errors="0">
  <testcase name="validateAPIWithValidSecretKey" time="27.077" classname="TestJson.ValidateCreateCustomerAPI"/>
  <testcase name="validateAPIWithValidSecretKey" time="15.426" classname="TestJson.ValidateCreateCustomerAPI"/>
  <testcase name="validateAPIWithInvalidSecretKey" time="19.006" classname="TestJson.ValidateCreateCustomerAPI"/>
  <testcase name="validateAPIWithInvalidSecretKey" time="11.281" classname="TestJson.ValidateCreateCustomerAPI"/>
  <testcase name="validateAPIWithValidParameters" time="30.258" classname="TestJson.ValidateCreateCustomerAPI"/>
  <testcase name="validateAPIWithValidParameters" time="15.661" classname="TestJson.ValidateCreateCustomerAPI"/>
  <testcase name="validateAPIWithInvalidParameter" time="36.054" classname="TestJson.ValidateCreateCustomerAPI"/>
  <testcase name="validateAPIWithInvalidParameter" time="32.706" classname="TestJson.ValidateCreateCustomerAPI"/>
</testsuite> <!-- Default test -->
