<?xml version="1.0" encoding="UTF-8"?>
<!-- Generated by org.testng.reporters.JUnitXMLReporter -->
<testsuite hostname="DESKTOP-SCRIOB2" ignored="0" name="Default test" tests="8" failures="0" timestamp="30 Nov 2019 18:17:13 GMT" time="13.386" errors="0">
  <testcase name="validateAPIWithValidSecretKey" time="4.578" classname="TestJson.ValidateCreateCustomerAPI"/>
  <testcase name="validateAPIWithValidSecretKey" time="1.469" classname="TestJson.ValidateCreateCustomerAPI"/>
  <testcase name="validateAPIWithInvalidSecretKey" time="0.726" classname="TestJson.ValidateCreateCustomerAPI"/>
  <testcase name="validateAPIWithInvalidSecretKey" time="0.796" classname="TestJson.ValidateCreateCustomerAPI"/>
  <testcase name="validateAPIWithValidParameters" time="1.302" classname="TestJson.ValidateCreateCustomerAPI"/>
  <testcase name="validateAPIWithValidParameters" time="1.164" classname="TestJson.ValidateCreateCustomerAPI"/>
  <testcase name="validateAPIWithInvalidParameter" time="0.978" classname="TestJson.ValidateCreateCustomerAPI"/>
  <testcase name="validateAPIWithInvalidParameter" time="0.881" classname="TestJson.ValidateCreateCustomerAPI"/>
</testsuite> <!-- Default test -->
