<?xml version="1.0" encoding="UTF-8"?>
<!-- Generated by org.testng.reporters.JUnitXMLReporter -->
<testsuite hostname="DESKTOP-SCRIOB2" ignored="3" name="Test" tests="3" failures="0" timestamp="30 Nov 2019 18:27:15 GMT" time="6.568" errors="0">
  <testcase name="validateAPIWithValidSecretKey" time="4.104" classname="TestJson.ValidateCreateCustomerAPI"/>
  <testcase name="validateAPIWithValidSecretKey" time="1.099" classname="TestJson.ValidateCreateCustomerAPI"/>
  <testcase name="RetriveCustomerAPI" time="0.255" classname="TestJson.ValidateRetriveCustomerAPI"/>
  <testcase name="@AfterSuite afterSuite" time="0.0" classname="SetUpPackage.TestSetup">
    <ignored/>
  </testcase> <!-- @AfterSuite afterSuite -->
  <testcase name="@BeforeSuite beforeSuite" time="0.0" classname="SetUpPackage.TestSetup">
    <ignored/>
  </testcase> <!-- @BeforeSuite beforeSuite -->
  <testcase name="@BeforeTest beforeTest" time="0.0" classname="SetUpPackage.TestSetup">
    <ignored/>
  </testcase> <!-- @BeforeTest beforeTest -->
</testsuite> <!-- Test -->
