<?xml version="1.0" encoding="UTF-8"?>
<!-- Generated by org.testng.reporters.JUnitXMLReporter -->
<testsuite hostname="DESKTOP-SCRIOB2" ignored="3" name="Test" tests="5" failures="1" timestamp="30 Nov 2019 12:13:43 GMT" time="8.639" errors="0">
  <testcase name="validateFail" time="0.024" classname="TestJson.ValidateCreateCustomerAPI">
    <failure type="java.lang.AssertionError" message="null">
      <![CDATA[java.lang.AssertionError: null
at TestJson.ValidateCreateCustomerAPI.validateFail(ValidateCreateCustomerAPI.java:142)
... Removed 27 stack frames]]>
    </failure>
  </testcase> <!-- validateFail -->
  <testcase name="validateSkip" time="0.0" classname="TestJson.ValidateCreateCustomerAPI">
    <skipped/>
  </testcase> <!-- validateSkip -->
  <testcase name="validateAPIWithValidSecretKey" time="5.463" classname="TestJson.ValidateCreateCustomerAPI"/>
  <testcase name="validateAPIWithValidSecretKey" time="1.349" classname="TestJson.ValidateCreateCustomerAPI"/>
  <testcase name="RetriveCustomerAPI" time="0.403" classname="TestJson.ValidateRetriveCustomerAPI"/>
  <testcase name="@AfterSuite afterSuite" time="0.0" classname="SetUpPackage.TestSetup">
    <ignored/>
  </testcase> <!-- @AfterSuite afterSuite -->
  <testcase name="@BeforeSuite beforeSuite" time="0.0" classname="SetUpPackage.TestSetup">
    <ignored/>
  </testcase> <!-- @BeforeSuite beforeSuite -->
  <testcase name="@BeforeTest beforeTest" time="0.0" classname="SetUpPackage.TestSetup">
    <ignored/>
  </testcase> <!-- @BeforeTest beforeTest -->
</testsuite> <!-- Test -->
