<?xml version="1.0" encoding="UTF-8"?>
<testng-results skipped="0" failed="0" ignored="0" total="1" passed="1">
  <reporter-output>
  </reporter-output>
  <suite name="Default suite" duration-ms="4134" started-at="2019-12-01T14:37:41Z" finished-at="2019-12-01T14:37:45Z">
    <groups>
    </groups>
    <test name="Default test" duration-ms="4134" started-at="2019-12-01T14:37:41Z" finished-at="2019-12-01T14:37:45Z">
      <class name="TestCasesScript.UpdateCustomer">
        <test-method status="PASS" signature="beforeSuite()[pri:0, instance:TestCasesScript.UpdateCustomer@4c371370]" name="beforeSuite" is-config="true" duration-ms="940" started-at="2019-12-01T14:37:40Z" finished-at="2019-12-01T14:37:41Z">
          <reporter-output>
          </reporter-output>
        </test-method> <!-- beforeSuite -->
        <test-method status="PASS" signature="beforeTest()[pri:0, instance:TestCasesScript.UpdateCustomer@4c371370]" name="beforeTest" is-config="true" duration-ms="1" started-at="2019-12-01T14:37:41Z" finished-at="2019-12-01T14:37:41Z">
          <reporter-output>
          </reporter-output>
        </test-method> <!-- beforeTest -->
        <test-method status="PASS" signature="beforeClass()[pri:0, instance:TestCasesScript.UpdateCustomer@4c371370]" name="beforeClass" is-config="true" duration-ms="6" started-at="2019-12-01T14:37:41Z" finished-at="2019-12-01T14:37:41Z">
          <reporter-output>
          </reporter-output>
        </test-method> <!-- beforeClass -->
        <test-method status="PASS" signature="beforeMethod(java.lang.reflect.Method)[pri:0, instance:TestCasesScript.UpdateCustomer@4c371370]" name="beforeMethod" is-config="true" duration-ms="2" started-at="2019-12-01T14:37:41Z" finished-at="2019-12-01T14:37:41Z">
          <params>
            <param index="0">
              <value>
                <![CDATA[public void TestCasesScript.UpdateCustomer.RetriveCustomerValidSecretKey()]]>
              </value>
            </param>
          </params>
          <reporter-output>
          </reporter-output>
        </test-method> <!-- beforeMethod -->
        <test-method status="PASS" signature="RetriveCustomerValidSecretKey()[pri:1, instance:TestCasesScript.UpdateCustomer@4c371370]" name="RetriveCustomerValidSecretKey" duration-ms="3561" started-at="2019-12-01T14:37:41Z" finished-at="2019-12-01T14:37:45Z">
          <reporter-output>
          </reporter-output>
        </test-method> <!-- RetriveCustomerValidSecretKey -->
        <test-method status="PASS" signature="afterMethod(org.testng.ITestResult)[pri:0, instance:TestCasesScript.UpdateCustomer@4c371370]" name="afterMethod" is-config="true" duration-ms="537" started-at="2019-12-01T14:37:45Z" finished-at="2019-12-01T14:37:45Z">
          <params>
            <param index="0">
              <value>
                <![CDATA[[TestResult name=RetriveCustomerValidSecretKey status=SUCCESS method=UpdateCustomer.RetriveCustomerValidSecretKey()[pri:1, instance:TestCasesScript.UpdateCustomer@4c371370] output={null}]]]>
              </value>
            </param>
          </params>
          <reporter-output>
          </reporter-output>
        </test-method> <!-- afterMethod -->
        <test-method status="PASS" signature="afterSuite()[pri:0, instance:TestCasesScript.UpdateCustomer@4c371370]" name="afterSuite" is-config="true" duration-ms="0" started-at="2019-12-01T14:37:45Z" finished-at="2019-12-01T14:37:45Z">
          <reporter-output>
          </reporter-output>
        </test-method> <!-- afterSuite -->
      </class> <!-- TestCasesScript.UpdateCustomer -->
    </test> <!-- Default test -->
  </suite> <!-- Default suite -->
</testng-results>
