<?xml version="1.0" encoding="UTF-8"?>
<testng-results skipped="0" failed="0" ignored="0" total="1" passed="1">
  <reporter-output>
  </reporter-output>
  <suite name="Default suite" duration-ms="3220" started-at="2019-11-30T07:37:01Z" finished-at="2019-11-30T07:37:05Z">
    <groups>
    </groups>
    <test name="Default test" duration-ms="3220" started-at="2019-11-30T07:37:01Z" finished-at="2019-11-30T07:37:05Z">
      <class name="TestJson.ValidateRetriveCustomerAPI">
        <test-method status="PASS" signature="beforeSuite()[pri:0, instance:TestJson.ValidateRetriveCustomerAPI@459e9125]" name="beforeSuite" is-config="true" duration-ms="721" started-at="2019-11-30T07:37:01Z" finished-at="2019-11-30T07:37:01Z">
          <reporter-output>
          </reporter-output>
        </test-method> <!-- beforeSuite -->
        <test-method status="PASS" signature="ValidateCreateCusAPIWithValidSK()[pri:1, instance:TestJson.ValidateRetriveCustomerAPI@459e9125]" name="ValidateCreateCusAPIWithValidSK" duration-ms="3190" started-at="2019-11-30T07:37:01Z" finished-at="2019-11-30T07:37:05Z">
          <reporter-output>
          </reporter-output>
        </test-method> <!-- ValidateCreateCusAPIWithValidSK -->
        <test-method status="PASS" signature="afterSuite()[pri:0, instance:TestJson.ValidateRetriveCustomerAPI@459e9125]" name="afterSuite" is-config="true" duration-ms="0" started-at="2019-11-30T07:37:05Z" finished-at="2019-11-30T07:37:05Z">
          <reporter-output>
          </reporter-output>
        </test-method> <!-- afterSuite -->
      </class> <!-- TestJson.ValidateRetriveCustomerAPI -->
    </test> <!-- Default test -->
  </suite> <!-- Default suite -->
</testng-results>
