<?xml version="1.0" encoding="UTF-8"?>
<testng-results skipped="0" failed="0" ignored="0" total="1" passed="1">
  <reporter-output>
  </reporter-output>
  <suite name="Default suite" duration-ms="5624" started-at="2019-12-03T10:29:19Z" finished-at="2019-12-03T10:29:25Z">
    <groups>
    </groups>
    <test name="Default test" duration-ms="5624" started-at="2019-12-03T10:29:19Z" finished-at="2019-12-03T10:29:25Z">
      <class name="TestCasesScript_Using_Json.DeleteCustomer">
        <test-method status="PASS" signature="beforeSuite()[pri:0, instance:TestCasesScript_Using_Json.DeleteCustomer@55141def]" name="beforeSuite" is-config="true" duration-ms="999" started-at="2019-12-03T10:29:18Z" finished-at="2019-12-03T10:29:19Z">
          <reporter-output>
          </reporter-output>
        </test-method> <!-- beforeSuite -->
        <test-method status="PASS" signature="beforeTest()[pri:0, instance:TestCasesScript_Using_Json.DeleteCustomer@55141def]" name="beforeTest" is-config="true" duration-ms="0" started-at="2019-12-03T10:29:19Z" finished-at="2019-12-03T10:29:19Z">
          <reporter-output>
          </reporter-output>
        </test-method> <!-- beforeTest -->
        <test-method status="PASS" signature="beforeClass()[pri:0, instance:TestCasesScript_Using_Json.DeleteCustomer@55141def]" name="beforeClass" is-config="true" duration-ms="5" started-at="2019-12-03T10:29:19Z" finished-at="2019-12-03T10:29:19Z">
          <reporter-output>
          </reporter-output>
        </test-method> <!-- beforeClass -->
        <test-method status="PASS" signature="beforeMethod(java.lang.reflect.Method)[pri:0, instance:TestCasesScript_Using_Json.DeleteCustomer@55141def]" name="beforeMethod" is-config="true" duration-ms="3" started-at="2019-12-03T10:29:19Z" finished-at="2019-12-03T10:29:19Z">
          <params>
            <param index="0">
              <value>
                <![CDATA[public void TestCasesScript_Using_Json.DeleteCustomer.DeleteCustomerWithValidSecretKey()]]>
              </value>
            </param>
          </params>
          <reporter-output>
          </reporter-output>
        </test-method> <!-- beforeMethod -->
        <test-method status="PASS" signature="DeleteCustomerWithValidSecretKey()[pri:1, instance:TestCasesScript_Using_Json.DeleteCustomer@55141def]" name="DeleteCustomerWithValidSecretKey" duration-ms="5020" started-at="2019-12-03T10:29:19Z" finished-at="2019-12-03T10:29:24Z">
          <reporter-output>
          </reporter-output>
        </test-method> <!-- DeleteCustomerWithValidSecretKey -->
        <test-method status="PASS" signature="afterMethod(org.testng.ITestResult)[pri:0, instance:TestCasesScript_Using_Json.DeleteCustomer@55141def]" name="afterMethod" is-config="true" duration-ms="569" started-at="2019-12-03T10:29:24Z" finished-at="2019-12-03T10:29:25Z">
          <params>
            <param index="0">
              <value>
                <![CDATA[[TestResult name=DeleteCustomerWithValidSecretKey status=SUCCESS method=DeleteCustomer.DeleteCustomerWithValidSecretKey()[pri:1, instance:TestCasesScript_Using_Json.DeleteCustomer@55141def] output={null}]]]>
              </value>
            </param>
          </params>
          <reporter-output>
          </reporter-output>
        </test-method> <!-- afterMethod -->
        <test-method status="PASS" signature="afterSuite()[pri:0, instance:TestCasesScript_Using_Json.DeleteCustomer@55141def]" name="afterSuite" is-config="true" duration-ms="0" started-at="2019-12-03T10:29:25Z" finished-at="2019-12-03T10:29:25Z">
          <reporter-output>
          </reporter-output>
        </test-method> <!-- afterSuite -->
      </class> <!-- TestCasesScript_Using_Json.DeleteCustomer -->
    </test> <!-- Default test -->
  </suite> <!-- Default suite -->
</testng-results>
