<?xml version="1.0" encoding="UTF-8"?>
<testng-results skipped="0" failed="0" ignored="0" total="1" passed="1">
  <reporter-output>
  </reporter-output>
  <suite name="Default suite" duration-ms="4903" started-at="2019-11-30T16:22:56Z" finished-at="2019-11-30T16:23:01Z">
    <groups>
    </groups>
    <test name="Default test" duration-ms="4903" started-at="2019-11-30T16:22:56Z" finished-at="2019-11-30T16:23:01Z">
      <class name="TestJson.ValidateRetriveCustomerAPI">
        <test-method status="PASS" signature="beforeSuite()[pri:0, instance:TestJson.ValidateRetriveCustomerAPI@4d5d943d]" name="beforeSuite" is-config="true" duration-ms="1139" started-at="2019-11-30T16:22:55Z" finished-at="2019-11-30T16:22:56Z">
          <reporter-output>
          </reporter-output>
        </test-method> <!-- beforeSuite -->
        <test-method status="PASS" signature="beforeClass()[pri:0, instance:TestJson.ValidateRetriveCustomerAPI@4d5d943d]" name="beforeClass" is-config="true" duration-ms="0" started-at="2019-11-30T16:22:56Z" finished-at="2019-11-30T16:22:56Z">
          <reporter-output>
          </reporter-output>
        </test-method> <!-- beforeClass -->
        <test-method status="PASS" signature="beforeTest()[pri:0, instance:TestJson.ValidateRetriveCustomerAPI@4d5d943d]" name="beforeTest" is-config="true" duration-ms="0" started-at="2019-11-30T16:22:56Z" finished-at="2019-11-30T16:22:56Z">
          <reporter-output>
          </reporter-output>
        </test-method> <!-- beforeTest -->
        <test-method status="PASS" signature="RetriveCustomerAPI()[pri:1, instance:TestJson.ValidateRetriveCustomerAPI@4d5d943d]" name="RetriveCustomerAPI" duration-ms="4215" started-at="2019-11-30T16:22:56Z" finished-at="2019-11-30T16:23:00Z">
          <reporter-output>
          </reporter-output>
        </test-method> <!-- RetriveCustomerAPI -->
        <test-method status="PASS" signature="beforeMethod(java.lang.reflect.Method)[pri:0, instance:TestJson.ValidateRetriveCustomerAPI@4d5d943d]" name="beforeMethod" is-config="true" duration-ms="0" started-at="2019-11-30T16:22:56Z" finished-at="2019-11-30T16:22:56Z">
          <params>
            <param index="0">
              <value>
                <![CDATA[public void TestJson.ValidateRetriveCustomerAPI.RetriveCustomerAPI()]]>
              </value>
            </param>
          </params>
          <reporter-output>
          </reporter-output>
        </test-method> <!-- beforeMethod -->
        <test-method status="PASS" signature="afterMethod(org.testng.ITestResult)[pri:0, instance:TestJson.ValidateRetriveCustomerAPI@4d5d943d]" name="afterMethod" is-config="true" duration-ms="672" started-at="2019-11-30T16:23:00Z" finished-at="2019-11-30T16:23:01Z">
          <params>
            <param index="0">
              <value>
                <![CDATA[[TestResult name=RetriveCustomerAPI status=SUCCESS method=ValidateRetriveCustomerAPI.RetriveCustomerAPI()[pri:1, instance:TestJson.ValidateRetriveCustomerAPI@4d5d943d] output={null}]]]>
              </value>
            </param>
          </params>
          <reporter-output>
          </reporter-output>
        </test-method> <!-- afterMethod -->
        <test-method status="PASS" signature="afterSuite()[pri:0, instance:TestJson.ValidateRetriveCustomerAPI@4d5d943d]" name="afterSuite" is-config="true" duration-ms="0" started-at="2019-11-30T16:23:01Z" finished-at="2019-11-30T16:23:01Z">
          <reporter-output>
          </reporter-output>
        </test-method> <!-- afterSuite -->
      </class> <!-- TestJson.ValidateRetriveCustomerAPI -->
    </test> <!-- Default test -->
  </suite> <!-- Default suite -->
</testng-results>
